<?xml version="1.0" encoding="UTF-8"?>
<!-- Generated by org.testng.reporters.JUnitReportReporter -->
<testsuite skipped="0" hostname="DESKTOP-FCIFFQC" name="Maven_kuber.Test1" tests="1" failures="0" timestamp="20 Dec 2018 17:32:05 GMT" time="21.339" errors="0">
  <testcase name="Login" time="21.339" classname="Maven_kuber.Test1"/>
</testsuite> <!-- Maven_kuber.Test1 -->
