<?xml version="1.0" encoding="UTF-8"?>
<!-- Generated by org.testng.reporters.JUnitReportReporter -->
<testsuite skipped="0" hostname="DESKTOP-FCIFFQC" name="Maven_kuber.POMTestRun" tests="1" failures="0" timestamp="14 Jan 2019 08:15:15 GMT" time="25.314" errors="0">
  <testcase name="Login" time="25.314" classname="Maven_kuber.POMTestRun"/>
</testsuite> <!-- Maven_kuber.POMTestRun -->
